生成启动时间为 2012-9-18 14:25:50。
     1>项目“D:\我的文档\Visual Studio 2010\Projects\helloworld\GlassClockDlg\GlassClockDlg.vcxproj”在节点 2 上(build 个目标)。
     1>InitializeBuildStatus:
         正在对“Debug\GlassClockDlg.unsuccessfulbuild”执行 Touch 任务。
       ClCompile:
         所有输出均为最新。
         所有输出均为最新。
       ResourceCompile:
         C:\Program Files\Microsoft SDKs\Windows\v7.0A\bin\rc.exe /D _DEBUG /D _UNICODE /D UNICODE /l"0x0409" /IDebug\ /nologo /fo"Debug\GlassClockDlg.res" GlassClockDlg.rc 
       ManifestResourceCompile:
         C:\Program Files\Microsoft SDKs\Windows\v7.0A\bin\rc.exe /nologo /fo"Debug\GlassClockDlg.exe.embed.manifest.res" Debug\GlassClockDlg_manifest.rc 
       Link:
         C:\Program Files\Microsoft Visual Studio 10.0\VC\bin\link.exe /ERRORREPORT:PROMPT /OUT:"Debug\GlassClockDlg.exe" /INCREMENTAL /NOLOGO kernel32.lib user32.lib gdi32.lib winspool.lib comdlg32.lib advapi32.lib shell32.lib ole32.lib oleaut32.lib uuid.lib odbc32.lib odbccp32.lib /MANIFEST /ManifestFile:"Debug\GlassClockDlg.exe.intermediate.manifest" /MANIFESTUAC:"level='asInvoker' uiAccess='false'" /DEBUG /PDB:"D:\我的文档\Visual Studio 2010\Projects\helloworld\GlassClockDlg\Debug\GlassClockDlg.pdb" /SUBSYSTEM:WINDOWS /TLBID:1 /DYNAMICBASE /NXCOMPAT /IMPLIB:"Debug\GlassClockDlg.lib" /MACHINE:X86 Debug\GlassClockDlg.res
         Debug\GlassClockDlg.exe.embed.manifest.res
         Debug\AboutDlg.obj
         Debug\GlassClockDlg.obj
         Debug\MainDlg.obj
         Debug\stdafx.obj
       Manifest:
         C:\Program Files\Microsoft SDKs\Windows\v7.0A\bin\mt.exe /nologo /verbose /out:"Debug\GlassClockDlg.exe.embed.manifest" /manifest Debug\GlassClockDlg.exe.intermediate.manifest
         C:\Program Files\Microsoft SDKs\Windows\v7.0A\bin\rc.exe /nologo /fo"Debug\GlassClockDlg.exe.embed.manifest.res" Debug\GlassClockDlg_manifest.rc 
       LinkEmbedManifest:
         C:\Program Files\Microsoft Visual Studio 10.0\VC\bin\link.exe /ERRORREPORT:PROMPT /OUT:"Debug\GlassClockDlg.exe" /INCREMENTAL /NOLOGO kernel32.lib user32.lib gdi32.lib winspool.lib comdlg32.lib advapi32.lib shell32.lib ole32.lib oleaut32.lib uuid.lib odbc32.lib odbccp32.lib /MANIFEST /ManifestFile:"Debug\GlassClockDlg.exe.intermediate.manifest" /MANIFESTUAC:"level='asInvoker' uiAccess='false'" /DEBUG /PDB:"D:\我的文档\Visual Studio 2010\Projects\helloworld\GlassClockDlg\Debug\GlassClockDlg.pdb" /SUBSYSTEM:WINDOWS /TLBID:1 /DYNAMICBASE /NXCOMPAT /IMPLIB:"Debug\GlassClockDlg.lib" /MACHINE:X86 Debug\GlassClockDlg.res
         Debug\GlassClockDlg.exe.embed.manifest.res
         Debug\AboutDlg.obj
         Debug\GlassClockDlg.obj
         Debug\MainDlg.obj
         Debug\stdafx.obj
         GlassClockDlg.vcxproj -> D:\我的文档\Visual Studio 2010\Projects\helloworld\GlassClockDlg\Debug\GlassClockDlg.exe
       FinalizeBuildStatus:
         正在删除文件“Debug\GlassClockDlg.unsuccessfulbuild”。
         正在对“Debug\GlassClockDlg.lastbuildstate”执行 Touch 任务。
     1>已完成生成项目“D:\我的文档\Visual Studio 2010\Projects\helloworld\GlassClockDlg\GlassClockDlg.vcxproj”(build 个目标)的操作。

生成成功。

已用时间 00:00:01.17
