D:\我的文档\VISUAL STUDIO 2010\PROJECTS\HELLOWORLD\DEBUG\ATL_DEMO.EXE
D:\我的文档\VISUAL STUDIO 2010\PROJECTS\HELLOWORLD\DEBUG\ATL_DEMO.ILK
D:\我的文档\VISUAL STUDIO 2010\PROJECTS\HELLOWORLD\DEBUG\ATL_DEMO.PDB
D:\我的文档\VISUAL STUDIO 2010\PROJECTS\HELLOWORLD\DEBUG\WTL.EXE
D:\我的文档\VISUAL STUDIO 2010\PROJECTS\HELLOWORLD\DEBUG\WTL.ILK
D:\我的文档\VISUAL STUDIO 2010\PROJECTS\HELLOWORLD\DEBUG\WTL.PDB
D:\我的文档\VISUAL STUDIO 2010\PROJECTS\HELLOWORLD\WTL\DEBUG\ATL_DEMO.EXE.EMBED.MANIFEST
D:\我的文档\VISUAL STUDIO 2010\PROJECTS\HELLOWORLD\WTL\DEBUG\ATL_DEMO.EXE.EMBED.MANIFEST.RES
D:\我的文档\VISUAL STUDIO 2010\PROJECTS\HELLOWORLD\WTL\DEBUG\ATL_DEMO.EXE.INTERMEDIATE.MANIFEST
D:\我的文档\VISUAL STUDIO 2010\PROJECTS\HELLOWORLD\WTL\DEBUG\ATL_DEMO.RES
d:\我的文档\visual studio 2010\Projects\helloworld\wtl\Debug\atl_demo_manifest.rc
d:\我的文档\visual studio 2010\Projects\helloworld\wtl\Debug\cl.command.1.tlog
d:\我的文档\visual studio 2010\Projects\helloworld\wtl\Debug\CL.read.1.tlog
d:\我的文档\visual studio 2010\Projects\helloworld\wtl\Debug\CL.write.1.tlog
d:\我的文档\visual studio 2010\Projects\helloworld\wtl\Debug\link.12264.read.1.tlog
d:\我的文档\visual studio 2010\Projects\helloworld\wtl\Debug\link.12264.write.1.tlog
d:\我的文档\visual studio 2010\Projects\helloworld\wtl\Debug\link.12264-cvtres.read.1.tlog
d:\我的文档\visual studio 2010\Projects\helloworld\wtl\Debug\link.12264-cvtres.write.1.tlog
d:\我的文档\visual studio 2010\Projects\helloworld\wtl\Debug\link.15308.read.1.tlog
d:\我的文档\visual studio 2010\Projects\helloworld\wtl\Debug\link.15308.write.1.tlog
d:\我的文档\visual studio 2010\Projects\helloworld\wtl\Debug\link.15308-cvtres.read.1.tlog
d:\我的文档\visual studio 2010\Projects\helloworld\wtl\Debug\link.15308-cvtres.write.1.tlog
d:\我的文档\visual studio 2010\Projects\helloworld\wtl\Debug\link.15924.read.1.tlog
d:\我的文档\visual studio 2010\Projects\helloworld\wtl\Debug\link.15924.write.1.tlog
d:\我的文档\visual studio 2010\Projects\helloworld\wtl\Debug\link.15924-cvtres.read.1.tlog
d:\我的文档\visual studio 2010\Projects\helloworld\wtl\Debug\link.15924-cvtres.write.1.tlog
d:\我的文档\visual studio 2010\Projects\helloworld\wtl\Debug\link.168.read.1.tlog
d:\我的文档\visual studio 2010\Projects\helloworld\wtl\Debug\link.168.write.1.tlog
d:\我的文档\visual studio 2010\Projects\helloworld\wtl\Debug\link.168-cvtres.read.1.tlog
d:\我的文档\visual studio 2010\Projects\helloworld\wtl\Debug\link.168-cvtres.write.1.tlog
d:\我的文档\visual studio 2010\Projects\helloworld\wtl\Debug\link.1704.read.1.tlog
d:\我的文档\visual studio 2010\Projects\helloworld\wtl\Debug\link.1704.write.1.tlog
d:\我的文档\visual studio 2010\Projects\helloworld\wtl\Debug\link.1704-cvtres.read.1.tlog
d:\我的文档\visual studio 2010\Projects\helloworld\wtl\Debug\link.1704-cvtres.write.1.tlog
d:\我的文档\visual studio 2010\Projects\helloworld\wtl\Debug\link.2540.read.1.tlog
d:\我的文档\visual studio 2010\Projects\helloworld\wtl\Debug\link.2540.write.1.tlog
d:\我的文档\visual studio 2010\Projects\helloworld\wtl\Debug\link.2540-cvtres.read.1.tlog
d:\我的文档\visual studio 2010\Projects\helloworld\wtl\Debug\link.2540-cvtres.write.1.tlog
d:\我的文档\visual studio 2010\Projects\helloworld\wtl\Debug\link.2976.read.1.tlog
d:\我的文档\visual studio 2010\Projects\helloworld\wtl\Debug\link.2976.write.1.tlog
d:\我的文档\visual studio 2010\Projects\helloworld\wtl\Debug\link.2976-cvtres.read.1.tlog
d:\我的文档\visual studio 2010\Projects\helloworld\wtl\Debug\link.2976-cvtres.write.1.tlog
d:\我的文档\visual studio 2010\Projects\helloworld\wtl\Debug\link.3288.read.1.tlog
d:\我的文档\visual studio 2010\Projects\helloworld\wtl\Debug\link.3288.write.1.tlog
d:\我的文档\visual studio 2010\Projects\helloworld\wtl\Debug\link.3288-cvtres.read.1.tlog
d:\我的文档\visual studio 2010\Projects\helloworld\wtl\Debug\link.3288-cvtres.write.1.tlog
d:\我的文档\visual studio 2010\Projects\helloworld\wtl\Debug\link.4064.read.1.tlog
d:\我的文档\visual studio 2010\Projects\helloworld\wtl\Debug\link.4064.write.1.tlog
d:\我的文档\visual studio 2010\Projects\helloworld\wtl\Debug\link.4064-cvtres.read.1.tlog
d:\我的文档\visual studio 2010\Projects\helloworld\wtl\Debug\link.4064-cvtres.write.1.tlog
d:\我的文档\visual studio 2010\Projects\helloworld\wtl\Debug\link.command.1.tlog
d:\我的文档\visual studio 2010\Projects\helloworld\wtl\Debug\link.read.1.tlog
d:\我的文档\visual studio 2010\Projects\helloworld\wtl\Debug\link.write.1.tlog
d:\我的文档\visual studio 2010\Projects\helloworld\wtl\Debug\link-cvtres.read.1.tlog
d:\我的文档\visual studio 2010\Projects\helloworld\wtl\Debug\link-cvtres.write.1.tlog
D:\我的文档\VISUAL STUDIO 2010\PROJECTS\HELLOWORLD\WTL\DEBUG\MAIN.OBJ
d:\我的文档\visual studio 2010\Projects\helloworld\wtl\Debug\mt.command.1.tlog
d:\我的文档\visual studio 2010\Projects\helloworld\wtl\Debug\mt.read.1.tlog
d:\我的文档\visual studio 2010\Projects\helloworld\wtl\Debug\mt.write.1.tlog
d:\我的文档\visual studio 2010\Projects\helloworld\wtl\Debug\rc.command.1.tlog
d:\我的文档\visual studio 2010\Projects\helloworld\wtl\Debug\rc.read.1.tlog
d:\我的文档\visual studio 2010\Projects\helloworld\wtl\Debug\rc.write.1.tlog
d:\我的文档\visual studio 2010\Projects\helloworld\wtl\Debug\vc100.idb
D:\我的文档\VISUAL STUDIO 2010\PROJECTS\HELLOWORLD\WTL\DEBUG\VC100.PDB
D:\我的文档\VISUAL STUDIO 2010\PROJECTS\HELLOWORLD\WTL\DEBUG\WTL.EXE.EMBED.MANIFEST
D:\我的文档\VISUAL STUDIO 2010\PROJECTS\HELLOWORLD\WTL\DEBUG\WTL.EXE.EMBED.MANIFEST.RES
D:\我的文档\VISUAL STUDIO 2010\PROJECTS\HELLOWORLD\WTL\DEBUG\WTL.EXE.INTERMEDIATE.MANIFEST
d:\我的文档\visual studio 2010\Projects\helloworld\wtl\Debug\wtl_manifest.rc
