生成启动时间为 2012-9-14 16:15:33。
     1>项目“d:\我的文档\visual studio 2010\Projects\helloworld\wtl\wtl.vcxproj”在节点 4 上(rebuild 个目标)。
     1>_PrepareForClean:
         正在删除文件“Debug\atl_demo.lastbuildstate”。
       InitializeBuildStatus:
         正在创建“Debug\atl_demo.unsuccessfulbuild”，因为已指定“AlwaysCreate”。
       ClCompile:
         C:\Program Files\Microsoft Visual Studio 10.0\VC\bin\CL.exe /c /ZI /nologo /W3 /WX- /Od /Oy- /D WIN32 /D _DEBUG /D _WINDOWS /D _UNICODE /D UNICODE /Gm /EHsc /RTC1 /MDd /GS /fp:precise /Zc:wchar_t /Zc:forScope /Fo"Debug\\" /Fd"Debug\vc100.pdb" /Gd /TP /analyze- /errorReport:prompt main.cpp
         main.cpp
       ResourceCompile:
         C:\Program Files\Microsoft SDKs\Windows\v7.0A\bin\rc.exe /D _UNICODE /D UNICODE /l"0x0409" /nologo /fo"Debug\atl_demo.res" atl_demo.rc 
       ManifestResourceCompile:
         C:\Program Files\Microsoft SDKs\Windows\v7.0A\bin\rc.exe /nologo /fo"Debug\atl_demo.exe.embed.manifest.res" Debug\atl_demo_manifest.rc 
       Link:
         C:\Program Files\Microsoft Visual Studio 10.0\VC\bin\link.exe /ERRORREPORT:PROMPT /OUT:"d:\我的文档\visual studio 2010\Projects\helloworld\Debug\atl_demo.exe" /INCREMENTAL /NOLOGO kernel32.lib user32.lib gdi32.lib winspool.lib comdlg32.lib advapi32.lib shell32.lib ole32.lib oleaut32.lib uuid.lib odbc32.lib odbccp32.lib /MANIFEST /ManifestFile:"Debug\atl_demo.exe.intermediate.manifest" /MANIFESTUAC:"level='asInvoker' uiAccess='false'" /DEBUG /PDB:"d:\我的文档\visual studio 2010\Projects\helloworld\Debug\atl_demo.pdb" /SUBSYSTEM:WINDOWS /TLBID:1 /DYNAMICBASE /NXCOMPAT /IMPLIB:"d:\我的文档\visual studio 2010\Projects\helloworld\Debug\atl_demo.lib" /MACHINE:X86 Debug\atl_demo.res
         Debug\atl_demo.exe.embed.manifest.res
         Debug\main.obj
       Manifest:
         正在删除文件“Debug\atl_demo.exe.embed.manifest”。
         C:\Program Files\Microsoft SDKs\Windows\v7.0A\bin\mt.exe /nologo /verbose /out:"Debug\atl_demo.exe.embed.manifest" /manifest Debug\atl_demo.exe.intermediate.manifest
         C:\Program Files\Microsoft SDKs\Windows\v7.0A\bin\rc.exe /nologo /fo"Debug\atl_demo.exe.embed.manifest.res" Debug\atl_demo_manifest.rc 
       LinkEmbedManifest:
         C:\Program Files\Microsoft Visual Studio 10.0\VC\bin\link.exe /ERRORREPORT:PROMPT /OUT:"d:\我的文档\visual studio 2010\Projects\helloworld\Debug\atl_demo.exe" /INCREMENTAL /NOLOGO kernel32.lib user32.lib gdi32.lib winspool.lib comdlg32.lib advapi32.lib shell32.lib ole32.lib oleaut32.lib uuid.lib odbc32.lib odbccp32.lib /MANIFEST /ManifestFile:"Debug\atl_demo.exe.intermediate.manifest" /MANIFESTUAC:"level='asInvoker' uiAccess='false'" /DEBUG /PDB:"d:\我的文档\visual studio 2010\Projects\helloworld\Debug\atl_demo.pdb" /SUBSYSTEM:WINDOWS /TLBID:1 /DYNAMICBASE /NXCOMPAT /IMPLIB:"d:\我的文档\visual studio 2010\Projects\helloworld\Debug\atl_demo.lib" /MACHINE:X86 Debug\atl_demo.res
         Debug\atl_demo.exe.embed.manifest.res
         Debug\main.obj
         wtl.vcxproj -> d:\我的文档\visual studio 2010\Projects\helloworld\Debug\atl_demo.exe
       FinalizeBuildStatus:
         正在删除文件“Debug\atl_demo.unsuccessfulbuild”。
         正在对“Debug\atl_demo.lastbuildstate”执行 Touch 任务。
     1>已完成生成项目“d:\我的文档\visual studio 2010\Projects\helloworld\wtl\wtl.vcxproj”(rebuild 个目标)的操作。

生成成功。

已用时间 00:00:02.51
