D:\我的文档\VISUAL STUDIO 2010\PROJECTS\HELLOWORLD\DEBUG\WTL_FRAME.EXE
D:\我的文档\VISUAL STUDIO 2010\PROJECTS\HELLOWORLD\DEBUG\WTL_FRAME.ILK
D:\我的文档\VISUAL STUDIO 2010\PROJECTS\HELLOWORLD\DEBUG\WTL_FRAME.PDB
d:\我的文档\visual studio 2010\Projects\helloworld\wtl_frame\Debug\cl.command.1.tlog
d:\我的文档\visual studio 2010\Projects\helloworld\wtl_frame\Debug\CL.read.1.tlog
d:\我的文档\visual studio 2010\Projects\helloworld\wtl_frame\Debug\CL.write.1.tlog
d:\我的文档\visual studio 2010\Projects\helloworld\wtl_frame\Debug\link.4384.read.1.tlog
d:\我的文档\visual studio 2010\Projects\helloworld\wtl_frame\Debug\link.4384.write.1.tlog
d:\我的文档\visual studio 2010\Projects\helloworld\wtl_frame\Debug\link.4384-cvtres.read.1.tlog
d:\我的文档\visual studio 2010\Projects\helloworld\wtl_frame\Debug\link.4384-cvtres.write.1.tlog
d:\我的文档\visual studio 2010\Projects\helloworld\wtl_frame\Debug\link.5488.read.1.tlog
d:\我的文档\visual studio 2010\Projects\helloworld\wtl_frame\Debug\link.5488.write.1.tlog
d:\我的文档\visual studio 2010\Projects\helloworld\wtl_frame\Debug\link.5488-cvtres.read.1.tlog
d:\我的文档\visual studio 2010\Projects\helloworld\wtl_frame\Debug\link.5488-cvtres.write.1.tlog
d:\我的文档\visual studio 2010\Projects\helloworld\wtl_frame\Debug\link.command.1.tlog
d:\我的文档\visual studio 2010\Projects\helloworld\wtl_frame\Debug\link.read.1.tlog
d:\我的文档\visual studio 2010\Projects\helloworld\wtl_frame\Debug\link.write.1.tlog
d:\我的文档\visual studio 2010\Projects\helloworld\wtl_frame\Debug\link-cvtres.read.1.tlog
d:\我的文档\visual studio 2010\Projects\helloworld\wtl_frame\Debug\link-cvtres.write.1.tlog
D:\我的文档\VISUAL STUDIO 2010\PROJECTS\HELLOWORLD\WTL_FRAME\DEBUG\MAIN.OBJ
d:\我的文档\visual studio 2010\Projects\helloworld\wtl_frame\Debug\mt.command.1.tlog
d:\我的文档\visual studio 2010\Projects\helloworld\wtl_frame\Debug\mt.read.1.tlog
d:\我的文档\visual studio 2010\Projects\helloworld\wtl_frame\Debug\mt.write.1.tlog
d:\我的文档\visual studio 2010\Projects\helloworld\wtl_frame\Debug\rc.command.1.tlog
d:\我的文档\visual studio 2010\Projects\helloworld\wtl_frame\Debug\rc.read.1.tlog
d:\我的文档\visual studio 2010\Projects\helloworld\wtl_frame\Debug\rc.write.1.tlog
d:\我的文档\visual studio 2010\Projects\helloworld\wtl_frame\Debug\vc100.idb
D:\我的文档\VISUAL STUDIO 2010\PROJECTS\HELLOWORLD\WTL_FRAME\DEBUG\VC100.PDB
D:\我的文档\VISUAL STUDIO 2010\PROJECTS\HELLOWORLD\WTL_FRAME\DEBUG\WTL_FRAME.EXE.EMBED.MANIFEST
D:\我的文档\VISUAL STUDIO 2010\PROJECTS\HELLOWORLD\WTL_FRAME\DEBUG\WTL_FRAME.EXE.EMBED.MANIFEST.RES
D:\我的文档\VISUAL STUDIO 2010\PROJECTS\HELLOWORLD\WTL_FRAME\DEBUG\WTL_FRAME.EXE.INTERMEDIATE.MANIFEST
D:\我的文档\VISUAL STUDIO 2010\PROJECTS\HELLOWORLD\WTL_FRAME\DEBUG\WTL_FRAME.RES
d:\我的文档\visual studio 2010\Projects\helloworld\wtl_frame\Debug\wtl_frame_manifest.rc
